<?xml version="1.0" encoding="UTF-8"?>
<!-- Generated by org.testng.reporters.JUnitReportReporter -->
<testsuite hostname="DESKTOP-FMP2TO6" failures="0" tests="2" name="jain2.SeleniumTest" time="0.000" errors="0" timestamp="27 Aug 2020 05:30:58 GMT" skipped="0">
  <testcase classname="jain2.SeleniumTest" name="BroswerAutomation" time="0.000"/>
  <testcase classname="jain2.SeleniumTest" name="ElememtsBrowser" time="0.000"/>
</testsuite> <!-- jain2.SeleniumTest -->
