<?xml version="1.0" encoding="UTF-8"?>
<!-- Generated by org.testng.reporters.JUnitReportReporter -->
<testsuite hostname="DESKTOP-FMP2TO6" failures="0" tests="2" name="jain2.APITest" time="0.005" errors="0" timestamp="27 Aug 2020 05:30:58 GMT" skipped="0">
  <testcase classname="jain2.APITest" name="APIAutomation" time="0.005"/>
  <testcase classname="jain2.APITest" name="ElememtsAPI" time="0.000"/>
</testsuite> <!-- jain2.APITest -->
